2024-03-04 13:35:36 INFO  TestBase:54 - Launching Chrome Browser
2024-03-04 13:35:37 INFO  TestBase:41 - Loading Page in Browser
2024-03-04 13:35:37 INFO  TestBase:35 - Navigating to URL : https://naveenautomationlabs.com/opencart/index.php?route=account/login
2024-03-04 13:35:40 INFO  TestBase:41 - Navigated to URL : https://naveenautomationlabs.com/opencart/index.php?route=account/login
2024-03-04 13:35:40 INFO  TestBase:13 - Test Starts : validateLogin
2024-03-04 13:35:40 INFO  TestBase:77 - Finding element by : By.id: input-email
2024-03-04 13:35:40 INFO  TestBase:83 - Found element by : By.id: input-email
2024-03-04 13:35:40 INFO  TestBase:77 - Finding element by : By.id: input-password
2024-03-04 13:35:40 INFO  TestBase:83 - Found element by : By.id: input-password
2024-03-04 13:35:40 INFO  TestBase:77 - Finding element by : By.cssSelector: #content div>div form>input
2024-03-04 13:35:40 INFO  TestBase:83 - Found element by : By.cssSelector: #content div>div form>input
2024-03-04 13:35:40 INFO  TestBase:89 - Clicking on element by : [[ChromeDriver: chrome on WINDOWS (9f3775d5a84ed81d9e2d65e69b663f8a)] -> css selector: #content div>div form>input]
2024-03-04 13:35:41 INFO  TestBase:77 - Finding element by : By.cssSelector: #account-account>div.row h2:first-of-type
2024-03-04 13:35:41 INFO  TestBase:83 - Found element by : By.cssSelector: #account-account>div.row h2:first-of-type
2024-03-04 13:35:41 INFO  TestBase:148 - Getting text from element  : My Account
2024-03-04 13:35:41 INFO  TestBase:154 - Geot text from element  : My Account
2024-03-04 13:35:41 INFO  TestBase:17 - Test failed, Retrying for 0 ,Test Name : validateLogin
2024-03-04 13:35:41 INFO  TestBase:26 - Test Skipped : validateLogin
2024-03-04 13:35:41 INFO  TestBase:54 - Launching Chrome Browser
2024-03-04 13:35:42 INFO  TestBase:41 - Loading Page in Browser
2024-03-04 13:35:42 INFO  TestBase:35 - Navigating to URL : https://naveenautomationlabs.com/opencart/index.php?route=account/login
2024-03-04 13:35:44 INFO  TestBase:41 - Navigated to URL : https://naveenautomationlabs.com/opencart/index.php?route=account/login
2024-03-04 13:35:44 INFO  TestBase:13 - Test Starts : validateLogin
2024-03-04 13:35:44 INFO  TestBase:77 - Finding element by : By.id: input-email
2024-03-04 13:35:44 INFO  TestBase:83 - Found element by : By.id: input-email
2024-03-04 13:35:44 INFO  TestBase:77 - Finding element by : By.id: input-password
2024-03-04 13:35:44 INFO  TestBase:83 - Found element by : By.id: input-password
2024-03-04 13:35:44 INFO  TestBase:77 - Finding element by : By.cssSelector: #content div>div form>input
2024-03-04 13:35:44 INFO  TestBase:83 - Found element by : By.cssSelector: #content div>div form>input
2024-03-04 13:35:44 INFO  TestBase:89 - Clicking on element by : [[ChromeDriver: chrome on WINDOWS (2dac22130db033035f0b3ca7a56987f3)] -> css selector: #content div>div form>input]
2024-03-04 13:35:45 INFO  TestBase:77 - Finding element by : By.cssSelector: #account-account>div.row h2:first-of-type
2024-03-04 13:35:45 INFO  TestBase:83 - Found element by : By.cssSelector: #account-account>div.row h2:first-of-type
2024-03-04 13:35:45 INFO  TestBase:148 - Getting text from element  : My Account
2024-03-04 13:35:45 INFO  TestBase:154 - Geot text from element  : My Account
2024-03-04 13:35:45 INFO  TestBase:21 - Test Failed !!!!! Taking Screenshot : validateLogin
2024-03-04 13:35:45 INFO  TestBase:137 - Taking screen shot
2024-03-04 13:35:45 INFO  TestBase:54 - Launching Chrome Browser
2024-03-04 13:35:46 INFO  TestBase:41 - Loading Page in Browser
2024-03-04 13:35:46 INFO  TestBase:35 - Navigating to URL : https://naveenautomationlabs.com/opencart/index.php?route=account/login
2024-03-04 13:35:49 INFO  TestBase:41 - Navigated to URL : https://naveenautomationlabs.com/opencart/index.php?route=account/login
2024-03-04 13:35:49 INFO  TestBase:13 - Test Starts : validatePasswordUpdate
2024-03-04 13:35:49 INFO  TestBase:77 - Finding element by : By.id: input-email
2024-03-04 13:35:49 INFO  TestBase:83 - Found element by : By.id: input-email
2024-03-04 13:35:49 INFO  TestBase:77 - Finding element by : By.id: input-password
2024-03-04 13:35:49 INFO  TestBase:83 - Found element by : By.id: input-password
2024-03-04 13:35:49 INFO  TestBase:77 - Finding element by : By.cssSelector: #content div>div form>input
2024-03-04 13:35:49 INFO  TestBase:83 - Found element by : By.cssSelector: #content div>div form>input
2024-03-04 13:35:49 INFO  TestBase:89 - Clicking on element by : [[ChromeDriver: chrome on WINDOWS (0163151e0480bb5697c72c198442e0e6)] -> css selector: #content div>div form>input]
2024-03-04 13:35:50 INFO  TestBase:77 - Finding element by : By.cssSelector: #content>ul:nth-of-type(1) li:nth-of-type(2) a
2024-03-04 13:35:50 INFO  TestBase:83 - Found element by : By.cssSelector: #content>ul:nth-of-type(1) li:nth-of-type(2) a
2024-03-04 13:35:50 INFO  TestBase:89 - Clicking on element by : [[ChromeDriver: chrome on WINDOWS (0163151e0480bb5697c72c198442e0e6)] -> css selector: #content>ul:nth-of-type(1) li:nth-of-type(2) a]
2024-03-04 13:35:50 INFO  TestBase:77 - Finding element by : By.id: input-password
2024-03-04 13:35:50 INFO  TestBase:83 - Found element by : By.id: input-password
2024-03-04 13:35:50 INFO  TestBase:28 - entering Password dean
2024-03-04 13:35:50 INFO  TestBase:77 - Finding element by : By.id: input-confirm
2024-03-04 13:35:50 INFO  TestBase:83 - Found element by : By.id: input-confirm
2024-03-04 13:35:50 INFO  TestBase:77 - Finding element by : By.cssSelector: div.buttons.clearfix input
2024-03-04 13:35:50 INFO  TestBase:83 - Found element by : By.cssSelector: div.buttons.clearfix input
2024-03-04 13:35:50 INFO  TestBase:89 - Clicking on element by : [[ChromeDriver: chrome on WINDOWS (0163151e0480bb5697c72c198442e0e6)] -> css selector: div.buttons.clearfix input]
2024-03-04 13:35:51 INFO  TestBase:77 - Finding element by : By.cssSelector: div.alert
2024-03-04 13:35:51 INFO  TestBase:83 - Found element by : By.cssSelector: div.alert
2024-03-04 13:35:51 INFO  TestBase:148 - Getting text from element  : Success: Your password has been successfully updated.
2024-03-04 13:35:51 INFO  TestBase:154 - Geot text from element  : Success: Your password has been successfully updated.
2024-03-04 13:35:51 INFO  TestBase:17 - Test Passed : validatePasswordUpdate
2024-03-06 23:24:27 INFO  TestBase:54 - Launching Chrome Browser
2024-03-06 23:24:39 INFO  TestBase:41 - Loading Page in Browser
2024-03-06 23:24:39 INFO  TestBase:35 - Navigating to URL : https://naveenautomationlabs.com/opencart/index.php?route=account/login
2024-03-06 23:24:42 INFO  TestBase:41 - Navigated to URL : https://naveenautomationlabs.com/opencart/index.php?route=account/login
2024-03-06 23:24:44 INFO  TestBase:54 - Launching Chrome Browser
2024-03-06 23:24:45 INFO  TestBase:41 - Loading Page in Browser
2024-03-06 23:24:45 INFO  TestBase:35 - Navigating to URL : https://naveenautomationlabs.com/opencart/index.php?route=account/login
2024-03-06 23:24:47 INFO  TestBase:41 - Navigated to URL : https://naveenautomationlabs.com/opencart/index.php?route=account/login
2024-03-06 23:24:47 INFO  TestBase:77 - Finding element by : By.id: input-email
2024-03-18 05:15:08 INFO  TestBase:54 - Launching Chrome Browser
2024-03-18 05:15:10 INFO  TestBase:41 - Loading Page in Browser
2024-03-18 05:15:10 INFO  TestBase:35 - Navigating to URL : https://naveenautomationlabs.com/opencart/index.php?route=account/login
2024-03-18 05:15:13 INFO  TestBase:41 - Navigated to URL : https://naveenautomationlabs.com/opencart/index.php?route=account/login
2024-03-18 05:15:14 INFO  TestBase:54 - Launching Chrome Browser
2024-03-18 05:15:15 INFO  TestBase:41 - Loading Page in Browser
2024-03-18 05:15:15 INFO  TestBase:35 - Navigating to URL : https://naveenautomationlabs.com/opencart/index.php?route=account/login
2024-03-18 05:15:19 INFO  TestBase:41 - Navigated to URL : https://naveenautomationlabs.com/opencart/index.php?route=account/login
2024-03-18 05:15:19 INFO  TestBase:77 - Finding element by : By.id: input-email
2024-03-18 05:15:19 INFO  TestBase:83 - Found element by : By.id: input-email
2024-03-18 05:15:19 INFO  TestBase:77 - Finding element by : By.id: input-password
2024-03-18 05:15:19 INFO  TestBase:83 - Found element by : By.id: input-password
2024-03-18 05:15:19 INFO  TestBase:77 - Finding element by : By.cssSelector: #content div>div form>input
2024-03-18 05:15:19 INFO  TestBase:83 - Found element by : By.cssSelector: #content div>div form>input
2024-03-18 05:15:19 INFO  TestBase:89 - Clicking on element by : [[ChromeDriver: chrome on WINDOWS (dd7a56143bb85a7efb31d7fe0d64b919)] -> css selector: #content div>div form>input]
2024-03-18 05:15:20 INFO  TestBase:54 - Launching Chrome Browser
2024-03-18 05:15:21 INFO  TestBase:41 - Loading Page in Browser
2024-03-18 05:15:21 INFO  TestBase:35 - Navigating to URL : https://naveenautomationlabs.com/opencart/index.php?route=account/login
2024-03-18 05:15:23 INFO  TestBase:41 - Navigated to URL : https://naveenautomationlabs.com/opencart/index.php?route=account/login
2024-03-18 05:15:24 INFO  TestBase:77 - Finding element by : By.id: input-email
2024-03-18 05:15:24 INFO  TestBase:83 - Found element by : By.id: input-email
2024-03-18 05:15:24 INFO  TestBase:77 - Finding element by : By.id: input-password
2024-03-18 05:15:24 INFO  TestBase:83 - Found element by : By.id: input-password
2024-03-18 05:15:24 INFO  TestBase:77 - Finding element by : By.cssSelector: #content div>div form>input
2024-03-18 05:15:24 INFO  TestBase:83 - Found element by : By.cssSelector: #content div>div form>input
2024-03-18 05:15:24 INFO  TestBase:89 - Clicking on element by : [[ChromeDriver: chrome on WINDOWS (6c38eb483259f8f18af074f3009bc5e2)] -> css selector: #content div>div form>input]
2024-03-18 05:15:24 INFO  TestBase:54 - Launching Chrome Browser
2024-03-18 05:15:25 INFO  TestBase:41 - Loading Page in Browser
2024-03-18 05:15:25 INFO  TestBase:35 - Navigating to URL : https://naveenautomationlabs.com/opencart/index.php?route=account/login
2024-03-18 05:15:28 INFO  TestBase:41 - Navigated to URL : https://naveenautomationlabs.com/opencart/index.php?route=account/login
2024-03-18 05:15:28 INFO  TestBase:77 - Finding element by : By.id: input-email
2024-03-18 05:15:28 INFO  TestBase:83 - Found element by : By.id: input-email
2024-03-18 05:15:28 INFO  TestBase:77 - Finding element by : By.id: input-password
2024-03-18 05:15:28 INFO  TestBase:83 - Found element by : By.id: input-password
2024-03-18 05:15:28 INFO  TestBase:77 - Finding element by : By.cssSelector: #content div>div form>input
2024-03-18 05:15:28 INFO  TestBase:83 - Found element by : By.cssSelector: #content div>div form>input
2024-03-18 05:15:28 INFO  TestBase:89 - Clicking on element by : [[ChromeDriver: chrome on WINDOWS (9b3bd8fc0eb798442f54578eda7e3651)] -> css selector: #content div>div form>input]
2024-03-18 10:15:45 INFO  TestBase:54 - Launching Chrome Browser
2024-03-18 10:15:47 INFO  TestBase:41 - Loading Page in Browser
2024-03-18 10:15:47 INFO  TestBase:35 - Navigating to URL : https://naveenautomationlabs.com/opencart/index.php?route=account/login
2024-03-18 10:15:49 INFO  TestBase:41 - Navigated to URL : https://naveenautomationlabs.com/opencart/index.php?route=account/login
2024-03-18 10:15:49 INFO  TestBase:13 - Test Starts : validateGetEachCellValue
2024-03-18 10:15:51 INFO  TestBase:17 - Test Passed : validateGetEachCellValue
2024-03-18 10:15:51 INFO  TestBase:54 - Launching Chrome Browser
2024-03-18 10:15:52 INFO  TestBase:41 - Loading Page in Browser
2024-03-18 10:15:52 INFO  TestBase:35 - Navigating to URL : https://naveenautomationlabs.com/opencart/index.php?route=account/login
2024-03-18 10:15:55 INFO  TestBase:41 - Navigated to URL : https://naveenautomationlabs.com/opencart/index.php?route=account/login
2024-03-18 10:15:55 INFO  TestBase:13 - Test Starts : validateLogin
2024-03-18 10:15:55 INFO  TestBase:77 - Finding element by : By.id: input-email
2024-03-18 10:15:55 INFO  TestBase:83 - Found element by : By.id: input-email
2024-03-18 10:15:55 INFO  TestBase:77 - Finding element by : By.id: input-password
2024-03-18 10:15:55 INFO  TestBase:83 - Found element by : By.id: input-password
2024-03-18 10:15:55 INFO  TestBase:77 - Finding element by : By.cssSelector: #content div>div form>input
2024-03-18 10:15:55 INFO  TestBase:83 - Found element by : By.cssSelector: #content div>div form>input
2024-03-18 10:15:55 INFO  TestBase:89 - Clicking on element by : [[ChromeDriver: chrome on WINDOWS (9aa70ea9a459380aff9f1bdd479e6a8d)] -> css selector: #content div>div form>input]
2024-03-18 10:15:56 INFO  TestBase:17 - Test Passed : validateLogin
2024-03-18 10:15:56 INFO  TestBase:54 - Launching Chrome Browser
2024-03-18 10:15:57 INFO  TestBase:41 - Loading Page in Browser
2024-03-18 10:15:57 INFO  TestBase:35 - Navigating to URL : https://naveenautomationlabs.com/opencart/index.php?route=account/login
2024-03-18 10:16:01 INFO  TestBase:41 - Navigated to URL : https://naveenautomationlabs.com/opencart/index.php?route=account/login
2024-03-18 10:16:01 INFO  TestBase:13 - Test Starts : validateLogin
2024-03-18 10:16:01 INFO  TestBase:77 - Finding element by : By.id: input-email
2024-03-18 10:16:01 INFO  TestBase:83 - Found element by : By.id: input-email
2024-03-18 10:16:01 INFO  TestBase:77 - Finding element by : By.id: input-password
2024-03-18 10:16:01 INFO  TestBase:83 - Found element by : By.id: input-password
2024-03-18 10:16:01 INFO  TestBase:77 - Finding element by : By.cssSelector: #content div>div form>input
2024-03-18 10:16:01 INFO  TestBase:83 - Found element by : By.cssSelector: #content div>div form>input
2024-03-18 10:16:01 INFO  TestBase:89 - Clicking on element by : [[ChromeDriver: chrome on WINDOWS (ce99a4c7e995c7d0bf91cce388a0b40c)] -> css selector: #content div>div form>input]
2024-03-18 10:16:01 INFO  TestBase:17 - Test Passed : validateLogin
2024-03-18 10:16:02 INFO  TestBase:54 - Launching Chrome Browser
2024-03-18 10:16:03 INFO  TestBase:41 - Loading Page in Browser
2024-03-18 10:16:03 INFO  TestBase:35 - Navigating to URL : https://naveenautomationlabs.com/opencart/index.php?route=account/login
2024-03-18 10:16:05 INFO  TestBase:41 - Navigated to URL : https://naveenautomationlabs.com/opencart/index.php?route=account/login
2024-03-18 10:16:05 INFO  TestBase:13 - Test Starts : validateLogin
2024-03-18 10:16:05 INFO  TestBase:77 - Finding element by : By.id: input-email
2024-03-18 10:16:05 INFO  TestBase:83 - Found element by : By.id: input-email
2024-03-18 10:16:05 INFO  TestBase:77 - Finding element by : By.id: input-password
2024-03-18 10:16:05 INFO  TestBase:83 - Found element by : By.id: input-password
2024-03-18 10:16:05 INFO  TestBase:77 - Finding element by : By.cssSelector: #content div>div form>input
2024-03-18 10:16:05 INFO  TestBase:83 - Found element by : By.cssSelector: #content div>div form>input
2024-03-18 10:16:05 INFO  TestBase:89 - Clicking on element by : [[ChromeDriver: chrome on WINDOWS (513bc60b852222dd00b28abecbafa706)] -> css selector: #content div>div form>input]
2024-03-18 10:16:06 INFO  TestBase:17 - Test Passed : validateLogin
2024-03-31 09:19:57 INFO  TestBase:21 - Launching Chrome Browser
2024-03-31 09:20:01 INFO  TestBase:38 - Loading Page in Browser
2024-03-31 09:20:44 INFO  TestBase:21 - Launching Chrome Browser
2024-03-31 09:20:45 INFO  TestBase:38 - Loading Page in Browser
2024-03-31 09:21:38 INFO  TestBase:21 - Launching Chrome Browser
2024-03-31 09:21:39 INFO  TestBase:38 - Loading Page in Browser
2024-03-31 09:52:26 INFO  TestBase:21 - Launching Chrome Browser
2024-03-31 09:52:28 INFO  TestBase:38 - Loading Page in Browser
2024-03-31 10:00:45 INFO  TestBase:21 - Launching Chrome Browser
2024-03-31 10:00:47 INFO  TestBase:38 - Loading Page in Browser
2024-06-01 08:36:31 INFO  TestBase:26 - Test Skipped : validateSubmitAddress
2024-06-01 08:36:31 INFO  TestBase:21 - Launching Chrome Browser
2024-06-01 08:36:31 INFO  TestBase:21 - Launching Chrome Browser
2024-06-01 08:36:45 INFO  TestBase:38 - Loading Page in Browser
2024-06-01 08:36:45 INFO  TestBase:38 - Loading Page in Browser
2024-06-01 08:36:48 INFO  TestBase:13 - Test Starts : validateLogin
2024-06-01 08:36:48 INFO  TestBase:13 - Test Starts : validateSignOutFromMyAccountDropDwn
2024-06-01 08:36:49 INFO  TestBase:17 - Test Passed : validateLogin
2024-06-01 08:36:50 INFO  TestBase:17 - Test Passed : validateSignOutFromMyAccountDropDwn
2024-06-01 08:36:52 INFO  TestBase:21 - Launching Chrome Browser
2024-06-01 08:36:58 INFO  TestBase:38 - Loading Page in Browser
2024-06-01 08:37:01 INFO  TestBase:13 - Test Starts : validateSignOutFromSideMenuBtn
2024-06-01 08:37:04 INFO  TestBase:17 - Test Passed : validateSignOutFromSideMenuBtn
2024-06-10 15:55:57 INFO  TestBase:26 - Test Skipped : validateSignOutFromMyAccountDropDwn
2024-06-10 15:55:57 INFO  TestBase:26 - Test Skipped : validateLogin
2024-06-10 15:55:57 INFO  TestBase:21 - Launching Chrome Browser
2024-06-10 15:55:57 INFO  TestBase:21 - Launching Chrome Browser
2024-06-10 15:56:23 INFO  TestBase:38 - Loading Page in Browser
2024-06-10 15:56:23 INFO  TestBase:38 - Loading Page in Browser
2024-06-10 15:56:31 INFO  TestBase:13 - Test Starts : validateSignOutFromSideMenuBtn
2024-06-10 15:56:31 INFO  TestBase:13 - Test Starts : validateSubmitAddress
2024-06-10 15:56:34 INFO  TestBase:17 - Test Passed : validateSignOutFromSideMenuBtn
2024-06-10 15:56:38 INFO  TestBase:17 - Test Passed : validateSubmitAddress
2024-06-10 16:29:57 INFO  TestBase:21 - Launching Chrome Browser
2024-06-10 16:29:57 INFO  TestBase:21 - Launching Chrome Browser
2024-06-10 16:29:57 INFO  TestBase:21 - Launching Chrome Browser
2024-06-10 16:30:00 INFO  TestBase:38 - Loading Page in Browser
2024-06-10 16:30:00 INFO  TestBase:38 - Loading Page in Browser
2024-06-10 16:30:00 INFO  TestBase:38 - Loading Page in Browser
2024-06-10 16:30:02 INFO  TestBase:13 - Test Starts : validateLogin
2024-06-10 16:30:02 INFO  TestBase:13 - Test Starts : validateSubmitAddress
2024-06-10 16:30:02 INFO  TestBase:13 - Test Starts : validateSignOutFromMyAccountDropDwn
2024-06-10 16:30:04 INFO  TestBase:17 - Test Passed : validateLogin
2024-06-10 16:30:05 INFO  TestBase:17 - Test failed, Retrying for 0 ,Test Name : validateSignOutFromMyAccountDropDwn
2024-06-10 16:30:05 INFO  TestBase:26 - Test Skipped : validateSignOutFromMyAccountDropDwn
2024-06-10 16:30:05 INFO  TestBase:21 - Launching Chrome Browser
2024-06-10 16:30:06 INFO  TestBase:38 - Loading Page in Browser
2024-06-10 16:30:08 INFO  TestBase:17 - Test Passed : validateSubmitAddress
2024-06-10 16:30:08 INFO  TestBase:13 - Test Starts : validateSignOutFromMyAccountDropDwn
2024-06-10 16:30:10 INFO  TestBase:17 - Test failed, Retrying for 1 ,Test Name : validateSignOutFromMyAccountDropDwn
2024-06-10 16:30:10 INFO  TestBase:26 - Test Skipped : validateSignOutFromMyAccountDropDwn
2024-06-10 16:30:11 INFO  TestBase:21 - Launching Chrome Browser
2024-06-10 16:30:11 INFO  TestBase:38 - Loading Page in Browser
2024-06-10 16:30:14 INFO  TestBase:13 - Test Starts : validateSignOutFromMyAccountDropDwn
2024-06-10 16:30:16 INFO  TestBase:21 - Test Failed !!!!! Taking Screenshot : validateSignOutFromMyAccountDropDwn
2024-06-10 16:30:16 INFO  TestBase:21 - Launching Chrome Browser
2024-06-10 16:30:17 INFO  TestBase:38 - Loading Page in Browser
2024-06-10 16:30:19 INFO  TestBase:13 - Test Starts : validateSignOutFromSideMenuBtn
2024-06-10 16:30:21 INFO  TestBase:17 - Test Passed : validateSignOutFromSideMenuBtn
2024-06-10 16:32:50 INFO  TestBase:21 - Launching Chrome Browser
2024-06-10 16:32:50 INFO  TestBase:21 - Launching Chrome Browser
2024-06-10 16:32:50 INFO  TestBase:21 - Launching Chrome Browser
2024-06-10 16:32:52 INFO  TestBase:38 - Loading Page in Browser
2024-06-10 16:32:52 INFO  TestBase:38 - Loading Page in Browser
2024-06-10 16:32:52 INFO  TestBase:38 - Loading Page in Browser
2024-06-10 16:32:53 INFO  TestBase:13 - Test Starts : validateSignOutFromMyAccountDropDwn
2024-06-10 16:32:54 INFO  TestBase:13 - Test Starts : validateLogin
2024-06-10 16:32:55 INFO  TestBase:13 - Test Starts : validateSubmitAddress
2024-06-10 16:32:56 INFO  TestBase:17 - Test Passed : validateLogin
2024-06-10 16:32:57 INFO  TestBase:17 - Test Passed : validateSignOutFromMyAccountDropDwn
2024-06-10 16:32:57 INFO  TestBase:21 - Launching Chrome Browser
2024-06-10 16:32:58 INFO  TestBase:38 - Loading Page in Browser
2024-06-10 16:33:01 INFO  TestBase:17 - Test Passed : validateSubmitAddress
2024-06-10 16:33:01 INFO  TestBase:13 - Test Starts : validateSignOutFromSideMenuBtn
2024-06-10 16:33:03 INFO  TestBase:17 - Test Passed : validateSignOutFromSideMenuBtn
2024-06-22 21:06:11 INFO  TestBase:26 - Test Skipped : validateLogin
2024-06-22 21:06:11 INFO  TestBase:21 - Launching Chrome Browser
2024-06-22 21:06:11 INFO  TestBase:21 - Launching Chrome Browser
2024-06-22 21:06:16 INFO  TestBase:43 - Loading Page in Browser
2024-06-22 21:06:16 INFO  TestBase:43 - Loading Page in Browser
2024-06-22 21:06:19 INFO  TestBase:13 - Test Starts : validateSignOutFromMyAccountDropDwn
2024-06-22 21:06:19 INFO  TestBase:13 - Test Starts : validateSubmitAddress
2024-06-22 21:06:21 INFO  TestBase:17 - Test Passed : validateSignOutFromMyAccountDropDwn
2024-06-22 21:06:21 INFO  TestBase:21 - Launching Chrome Browser
2024-06-22 21:06:22 INFO  TestBase:43 - Loading Page in Browser
2024-06-22 21:06:24 INFO  TestBase:17 - Test Passed : validateSubmitAddress
2024-06-22 21:06:25 INFO  TestBase:13 - Test Starts : validateSignOutFromSideMenuBtn
2024-06-22 21:06:27 INFO  TestBase:17 - Test Passed : validateSignOutFromSideMenuBtn
2024-06-22 21:09:50 INFO  TestBase:21 - Launching Chrome Browser
2024-06-22 21:09:52 INFO  TestBase:43 - Loading Page in Browser
2024-06-22 21:10:11 INFO  TestBase:21 - Launching Chrome Browser
2024-06-22 21:10:13 INFO  TestBase:43 - Loading Page in Browser
2024-06-22 21:11:07 INFO  TestBase:26 - Test Skipped : validateSignOutFromMyAccountDropDwn
2024-06-22 21:11:07 INFO  TestBase:21 - Launching Chrome Browser
2024-06-22 21:11:07 INFO  TestBase:21 - Launching Chrome Browser
2024-06-22 21:11:07 INFO  TestBase:21 - Launching Chrome Browser
2024-06-22 21:11:10 INFO  TestBase:43 - Loading Page in Browser
2024-06-22 21:11:10 INFO  TestBase:43 - Loading Page in Browser
2024-06-22 21:11:10 INFO  TestBase:43 - Loading Page in Browser
2024-06-22 21:11:11 INFO  TestBase:13 - Test Starts : validateSubmitAddress
2024-06-22 21:11:12 INFO  TestBase:13 - Test Starts : validateSignOutFromSideMenuBtn
2024-06-22 21:11:12 INFO  TestBase:13 - Test Starts : validateLogin
2024-06-22 21:11:13 INFO  TestBase:17 - Test Passed : validateLogin
2024-06-22 21:11:14 INFO  TestBase:17 - Test Passed : validateSignOutFromSideMenuBtn
2024-06-22 21:11:17 INFO  TestBase:17 - Test Passed : validateSubmitAddress
2024-06-22 21:13:05 INFO  TestBase:21 - Launching Chrome Browser
2024-06-22 21:13:05 INFO  TestBase:21 - Launching Chrome Browser
2024-06-22 21:13:05 INFO  TestBase:21 - Launching Chrome Browser
2024-06-22 21:13:08 INFO  TestBase:43 - Loading Page in Browser
2024-06-22 21:13:08 INFO  TestBase:43 - Loading Page in Browser
2024-06-22 21:13:08 INFO  TestBase:43 - Loading Page in Browser
2024-06-22 21:13:10 INFO  TestBase:13 - Test Starts : validateSignOutFromMyAccountDropDwn
2024-06-22 21:13:10 INFO  TestBase:13 - Test Starts : validateLogin
2024-06-22 21:13:10 INFO  TestBase:13 - Test Starts : validateSubmitAddress
2024-06-22 21:13:12 INFO  TestBase:17 - Test Passed : validateLogin
2024-06-22 21:13:13 INFO  TestBase:17 - Test Passed : validateSignOutFromMyAccountDropDwn
2024-06-22 21:13:13 INFO  TestBase:21 - Launching Chrome Browser
2024-06-22 21:13:14 INFO  TestBase:43 - Loading Page in Browser
2024-06-22 21:13:16 INFO  TestBase:17 - Test Passed : validateSubmitAddress
2024-06-22 21:13:17 INFO  TestBase:13 - Test Starts : validateSignOutFromSideMenuBtn
2024-06-22 21:13:19 INFO  TestBase:17 - Test Passed : validateSignOutFromSideMenuBtn
2024-06-22 21:18:46 INFO  TestBase:21 - Launching Chrome Browser
2024-06-22 21:18:48 INFO  TestBase:43 - Loading Page in Browser
2024-06-22 21:19:11 INFO  TestBase:26 - Test Skipped : validateSignOutFromMyAccountDropDwn
2024-06-22 21:19:11 INFO  TestBase:21 - Launching Chrome Browser
2024-06-22 21:19:11 INFO  TestBase:21 - Launching Chrome Browser
2024-06-22 21:19:11 INFO  TestBase:21 - Launching Chrome Browser
2024-06-22 21:19:14 INFO  TestBase:43 - Loading Page in Browser
2024-06-22 21:19:14 INFO  TestBase:43 - Loading Page in Browser
2024-06-22 21:19:14 INFO  TestBase:43 - Loading Page in Browser
2024-06-22 21:19:15 INFO  TestBase:13 - Test Starts : validateLogin
2024-06-22 21:19:16 INFO  TestBase:13 - Test Starts : validateSignOutFromSideMenuBtn
2024-06-22 21:19:16 INFO  TestBase:13 - Test Starts : validateSubmitAddress
2024-06-22 21:19:17 INFO  TestBase:17 - Test Passed : validateLogin
2024-06-22 21:19:19 INFO  TestBase:17 - Test Passed : validateSignOutFromSideMenuBtn
2024-06-22 21:19:21 INFO  TestBase:17 - Test Passed : validateSubmitAddress
2024-06-22 21:21:01 INFO  TestBase:21 - Launching Chrome Browser
2024-06-22 21:21:03 INFO  TestBase:43 - Loading Page in Browser
2024-06-22 21:21:05 INFO  TestBase:13 - Test Starts : validateSignOutFromMyAccountDropDwn
2024-06-22 21:21:07 INFO  TestBase:17 - Test Passed : validateSignOutFromMyAccountDropDwn
2024-06-22 21:21:07 INFO  TestBase:21 - Launching Chrome Browser
2024-06-22 21:21:08 INFO  TestBase:43 - Loading Page in Browser
2024-06-22 21:21:11 INFO  TestBase:13 - Test Starts : validateSignOutFromSideMenuBtn
2024-06-22 21:21:13 INFO  TestBase:17 - Test Passed : validateSignOutFromSideMenuBtn
2024-06-22 21:21:13 INFO  TestBase:26 - Test Skipped : validateSubmitAddress
2024-06-22 21:21:13 INFO  TestBase:21 - Launching Chrome Browser
2024-06-22 21:21:14 INFO  TestBase:43 - Loading Page in Browser
2024-06-22 21:21:17 INFO  TestBase:13 - Test Starts : validateLogin
2024-06-22 21:21:18 INFO  TestBase:17 - Test Passed : validateLogin
2024-06-22 21:25:19 INFO  TestBase:21 - Launching Chrome Browser
2024-06-22 21:25:21 INFO  TestBase:43 - Loading Page in Browser
2024-06-22 21:25:24 INFO  TestBase:13 - Test Starts : validateSignOutFromMyAccountDropDwn
2024-06-22 21:25:26 INFO  TestBase:17 - Test Passed : validateSignOutFromMyAccountDropDwn
2024-06-22 21:25:26 INFO  TestBase:21 - Launching Chrome Browser
2024-06-22 21:25:27 INFO  TestBase:43 - Loading Page in Browser
2024-06-22 21:25:30 INFO  TestBase:13 - Test Starts : validateSignOutFromSideMenuBtn
2024-06-22 21:25:32 INFO  TestBase:17 - Test Passed : validateSignOutFromSideMenuBtn
2024-06-22 21:25:32 INFO  TestBase:26 - Test Skipped : validateSubmitAddress
2024-06-22 21:25:32 INFO  TestBase:21 - Launching Chrome Browser
2024-06-22 21:25:33 INFO  TestBase:43 - Loading Page in Browser
2024-06-22 21:25:35 INFO  TestBase:13 - Test Starts : validateLogin
2024-06-22 21:25:36 INFO  TestBase:17 - Test Passed : validateLogin
2024-06-22 21:27:24 INFO  TestBase:21 - Launching Chrome Browser
2024-06-22 21:27:26 INFO  TestBase:43 - Loading Page in Browser
2024-06-22 21:27:28 INFO  TestBase:13 - Test Starts : validateSignOutFromMyAccountDropDwn
2024-06-22 21:27:30 INFO  TestBase:17 - Test Passed : validateSignOutFromMyAccountDropDwn
2024-06-22 21:27:30 INFO  TestBase:21 - Launching Chrome Browser
2024-06-22 21:27:31 INFO  TestBase:43 - Loading Page in Browser
2024-06-22 21:27:33 INFO  TestBase:13 - Test Starts : validateSignOutFromSideMenuBtn
2024-06-22 21:27:35 INFO  TestBase:17 - Test Passed : validateSignOutFromSideMenuBtn
2024-06-22 21:27:35 INFO  TestBase:26 - Test Skipped : validateSubmitAddress
2024-06-22 21:27:35 INFO  TestBase:21 - Launching Chrome Browser
2024-06-22 21:27:36 INFO  TestBase:43 - Loading Page in Browser
2024-06-22 21:27:39 INFO  TestBase:13 - Test Starts : validateLogin
2024-06-22 21:27:40 INFO  TestBase:17 - Test Passed : validateLogin
2024-06-22 21:35:11 INFO  TestBase:21 - Launching Chrome Browser
2024-06-22 21:35:13 INFO  TestBase:43 - Loading Page in Browser
2024-06-22 21:41:55 INFO  TestBase:21 - Launching Chrome Browser
2024-06-22 21:42:07 INFO  TestBase:43 - Loading Page in Browser
2024-06-22 21:42:09 INFO  TestBase:13 - Test Starts : validateSignOutFromMyAccountDropDwn
2024-06-22 21:42:12 INFO  TestBase:17 - Test Passed : validateSignOutFromMyAccountDropDwn
2024-06-22 21:42:12 INFO  TestBase:21 - Launching Chrome Browser
2024-06-22 21:42:14 INFO  TestBase:43 - Loading Page in Browser
2024-06-22 21:42:16 INFO  TestBase:13 - Test Starts : validateSignOutFromSideMenuBtn
2024-06-22 21:42:18 INFO  TestBase:17 - Test Passed : validateSignOutFromSideMenuBtn
2024-06-22 21:42:18 INFO  TestBase:26 - Test Skipped : validateSubmitAddress
2024-06-22 21:42:18 INFO  TestBase:21 - Launching Chrome Browser
2024-06-22 21:42:19 INFO  TestBase:43 - Loading Page in Browser
2024-06-22 21:42:22 INFO  TestBase:13 - Test Starts : validateLogin
2024-06-22 21:42:23 INFO  TestBase:17 - Test Passed : validateLogin
2024-06-22 21:42:51 INFO  TestBase:21 - Launching Chrome Browser
2024-06-22 21:42:52 INFO  TestBase:43 - Loading Page in Browser
2024-06-22 21:42:55 INFO  TestBase:13 - Test Starts : validateSignOutFromMyAccountDropDwn
2024-06-22 21:42:57 INFO  TestBase:17 - Test Passed : validateSignOutFromMyAccountDropDwn
2024-06-22 21:42:57 INFO  TestBase:21 - Launching Chrome Browser
2024-06-22 21:42:58 INFO  TestBase:43 - Loading Page in Browser
2024-06-22 21:43:01 INFO  TestBase:13 - Test Starts : validateSignOutFromSideMenuBtn
2024-06-22 21:43:03 INFO  TestBase:17 - Test Passed : validateSignOutFromSideMenuBtn
2024-06-22 21:43:03 INFO  TestBase:26 - Test Skipped : validateSubmitAddress
2024-06-22 21:43:03 INFO  TestBase:21 - Launching Chrome Browser
2024-06-22 21:43:04 INFO  TestBase:43 - Loading Page in Browser
2024-06-22 21:43:07 INFO  TestBase:13 - Test Starts : validateLogin
2024-06-22 21:43:08 INFO  TestBase:17 - Test Passed : validateLogin
2024-06-22 21:43:33 INFO  TestBase:21 - Launching Chrome Browser
2024-06-22 21:43:33 INFO  TestBase:21 - Launching Chrome Browser
2024-06-22 21:43:33 INFO  TestBase:21 - Launching Chrome Browser
2024-06-22 21:43:36 INFO  TestBase:43 - Loading Page in Browser
2024-06-22 21:43:36 INFO  TestBase:43 - Loading Page in Browser
2024-06-22 21:43:36 INFO  TestBase:43 - Loading Page in Browser
2024-06-22 21:43:38 INFO  TestBase:13 - Test Starts : validateLogin
2024-06-22 21:43:38 INFO  TestBase:13 - Test Starts : validateSubmitAddress
2024-06-22 21:43:38 INFO  TestBase:13 - Test Starts : validateSignOutFromMyAccountDropDwn
2024-06-22 21:43:39 INFO  TestBase:17 - Test Passed : validateLogin
2024-06-22 21:43:40 INFO  TestBase:17 - Test Passed : validateSignOutFromMyAccountDropDwn
2024-06-22 21:43:41 INFO  TestBase:21 - Launching Chrome Browser
2024-06-22 21:43:43 INFO  TestBase:17 - Test Passed : validateSubmitAddress
2024-06-22 21:43:44 INFO  TestBase:43 - Loading Page in Browser
2024-06-22 21:43:46 INFO  TestBase:13 - Test Starts : validateSignOutFromSideMenuBtn
2024-06-22 21:43:48 INFO  TestBase:17 - Test Passed : validateSignOutFromSideMenuBtn
